This file contains any messages produced by compilers while
running configure, to aid debugging if configure makes a mistake.

It was created by rtgi configure 2021-a01, which was
generated by GNU Autoconf 2.69.  Invocation command line was

  $ ./configure 

## --------- ##
## Platform. ##
## --------- ##

hostname = anna-desktop
uname -m = x86_64
uname -r = 5.11.0-37-generic
uname -s = Linux
uname -v = #41-Ubuntu SMP Mon Sep 20 16:39:20 UTC 2021

/usr/bin/uname -p = x86_64
/bin/uname -X     = unknown

/bin/arch              = x86_64
/usr/bin/arch -k       = unknown
/usr/convex/getsysinfo = unknown
/usr/bin/hostinfo      = unknown
/bin/machine           = unknown
/usr/bin/oslevel       = unknown
/bin/universe          = unknown

PATH: /usr/local/sbin
PATH: /usr/local/bin
PATH: /usr/sbin
PATH: /usr/bin
PATH: /sbin
PATH: /bin
PATH: /usr/games
PATH: /usr/local/games
PATH: /snap/bin
PATH: /snap/bin


## ----------- ##
## Core tests. ##
## ----------- ##

configure:2146: checking for a BSD-compatible install
configure:2214: result: /usr/bin/install -c
configure:2225: checking whether build environment is sane
configure:2280: result: yes
configure:2431: checking for a thread-safe mkdir -p
configure:2470: result: /usr/bin/mkdir -p
configure:2477: checking for gawk
configure:2507: result: no
configure:2477: checking for mawk
configure:2493: found /usr/bin/mawk
configure:2504: result: mawk
configure:2515: checking whether make sets $(MAKE)
configure:2537: result: yes
configure:2566: checking whether make supports nested variables
configure:2583: result: yes
configure:2768: checking for g++
configure:2784: found /usr/bin/g++
configure:2795: result: g++
configure:2822: checking for C++ compiler version
configure:2831: g++ --version >&5
g++ (Ubuntu 10.3.0-1ubuntu1) 10.3.0
Copyright (C) 2020 Free Software Foundation, Inc.
This is free software; see the source for copying conditions.  There is NO
warranty; not even for MERCHANTABILITY or FITNESS FOR A PARTICULAR PURPOSE.

configure:2842: $? = 0
configure:2831: g++ -v >&5
Using built-in specs.
COLLECT_GCC=g++
COLLECT_LTO_WRAPPER=/usr/lib/gcc/x86_64-linux-gnu/10/lto-wrapper
OFFLOAD_TARGET_NAMES=nvptx-none:amdgcn-amdhsa:hsa
OFFLOAD_TARGET_DEFAULT=1
Target: x86_64-linux-gnu
Configured with: ../src/configure -v --with-pkgversion='Ubuntu 10.3.0-1ubuntu1' --with-bugurl=file:///usr/share/doc/gcc-10/README.Bugs --enable-languages=c,ada,c++,go,brig,d,fortran,objc,obj-c++,m2 --prefix=/usr --with-gcc-major-version-only --program-suffix=-10 --program-prefix=x86_64-linux-gnu- --enable-shared --enable-linker-build-id --libexecdir=/usr/lib --without-included-gettext --enable-threads=posix --libdir=/usr/lib --enable-nls --enable-bootstrap --enable-clocale=gnu --enable-libstdcxx-debug --enable-libstdcxx-time=yes --with-default-libstdcxx-abi=new --enable-gnu-unique-object --disable-vtable-verify --enable-plugin --enable-default-pie --with-system-zlib --enable-libphobos-checking=release --with-target-system-zlib=auto --enable-objc-gc=auto --enable-multiarch --disable-werror --with-arch-32=i686 --with-abi=m64 --with-multilib-list=m32,m64,mx32 --enable-multilib --with-tune=generic --enable-offload-targets=nvptx-none=/build/gcc-10-gDeRY6/gcc-10-10.3.0/debian/tmp-nvptx/usr,amdgcn-amdhsa=/build/gcc-10-gDeRY6/gcc-10-10.3.0/debian/tmp-gcn/usr,hsa --without-cuda-driver --enable-checking=release --build=x86_64-linux-gnu --host=x86_64-linux-gnu --target=x86_64-linux-gnu --with-build-config=bootstrap-lto-lean --enable-link-mutex
Thread model: posix
Supported LTO compression algorithms: zlib zstd
gcc version 10.3.0 (Ubuntu 10.3.0-1ubuntu1) 
... rest of stderr output deleted ...
configure:2842: $? = 0
configure:2831: g++ -V >&5
g++: error: unrecognized command-line option '-V'
g++: fatal error: no input files
compilation terminated.
configure:2842: $? = 1
configure:2831: g++ -qversion >&5
g++: error: unrecognized command-line option '-qversion'; did you mean '--version'?
g++: fatal error: no input files
compilation terminated.
configure:2842: $? = 1
configure:2862: checking whether the C++ compiler works
configure:2884: g++    conftest.cpp  >&5
configure:2888: $? = 0
configure:2936: result: yes
configure:2939: checking for C++ compiler default output file name
configure:2941: result: a.out
configure:2947: checking for suffix of executables
configure:2954: g++ -o conftest    conftest.cpp  >&5
configure:2958: $? = 0
configure:2980: result: 
configure:3002: checking whether we are cross compiling
configure:3010: g++ -o conftest    conftest.cpp  >&5
configure:3014: $? = 0
configure:3021: ./conftest
configure:3025: $? = 0
configure:3040: result: no
configure:3045: checking for suffix of object files
configure:3067: g++ -c   conftest.cpp >&5
configure:3071: $? = 0
configure:3092: result: o
configure:3096: checking whether we are using the GNU C++ compiler
configure:3115: g++ -c   conftest.cpp >&5
configure:3115: $? = 0
configure:3124: result: yes
configure:3133: checking whether g++ accepts -g
configure:3153: g++ -c -g  conftest.cpp >&5
configure:3153: $? = 0
configure:3194: result: yes
configure:3220: checking whether make supports the include directive
configure:3235: make -f confmf.GNU && cat confinc.out
this is the am__doit target
configure:3238: $? = 0
configure:3257: result: yes (GNU style)
configure:3282: checking dependency style of g++
configure:3393: result: gcc3
configure:3427: checking whether g++ supports C++17 features with -std=gnu++17
configure:4221: g++ -std=gnu++17 -c -g -O2  conftest.cpp >&5
configure:4221: $? = 0
configure:4230: result: yes
configure:5132: checking for ranlib
configure:5148: found /usr/bin/ranlib
configure:5159: result: ranlib
configure:5189: checking for g++ -std=gnu++17 option to support OpenMP
configure:5204: g++ -std=gnu++17 -o conftest -g -O2   conftest.cpp  >&5
conftest.cpp:14:2: error: 'choke' does not name a type
   14 |  choke me
      |  ^~~~~
In file included from conftest.cpp:16:
/usr/lib/gcc/x86_64-linux-gnu/10/include/omp.h:39:3: error: 'omp_lock_t' does not name a type
   39 | } omp_lock_t;
      |   ^~~~~~~~~~
/usr/lib/gcc/x86_64-linux-gnu/10/include/omp.h:125:13: error: variable or field 'omp_init_lock' declared void
  125 | extern void omp_init_lock (omp_lock_t *) __GOMP_NOTHROW;
      |             ^~~~~~~~~~~~~
/usr/lib/gcc/x86_64-linux-gnu/10/include/omp.h:125:28: error: 'omp_lock_t' was not declared in this scope; did you mean 'omp_lock_hint_t'?
  125 | extern void omp_init_lock (omp_lock_t *) __GOMP_NOTHROW;
      |                            ^~~~~~~~~~
      |                            omp_lock_hint_t
/usr/lib/gcc/x86_64-linux-gnu/10/include/omp.h:125:40: error: expected primary-expression before ')' token
  125 | extern void omp_init_lock (omp_lock_t *) __GOMP_NOTHROW;
      |                                        ^
/usr/lib/gcc/x86_64-linux-gnu/10/include/omp.h:126:13: error: variable or field 'omp_init_lock_with_hint' declared void
  126 | extern void omp_init_lock_with_hint (omp_lock_t *, omp_sync_hint_t)
      |             ^~~~~~~~~~~~~~~~~~~~~~~
/usr/lib/gcc/x86_64-linux-gnu/10/include/omp.h:126:38: error: 'omp_lock_t' was not declared in this scope; did you mean 'omp_lock_hint_t'?
  126 | extern void omp_init_lock_with_hint (omp_lock_t *, omp_sync_hint_t)
      |                                      ^~~~~~~~~~
      |                                      omp_lock_hint_t
/usr/lib/gcc/x86_64-linux-gnu/10/include/omp.h:126:50: error: expected primary-expression before ',' token
  126 | extern void omp_init_lock_with_hint (omp_lock_t *, omp_sync_hint_t)
      |                                                  ^
/usr/lib/gcc/x86_64-linux-gnu/10/include/omp.h:126:67: error: expected primary-expression before ')' token
  126 | extern void omp_init_lock_with_hint (omp_lock_t *, omp_sync_hint_t)
      |                                                                   ^
/usr/lib/gcc/x86_64-linux-gnu/10/include/omp.h:128:13: error: variable or field 'omp_destroy_lock' declared void
  128 | extern void omp_destroy_lock (omp_lock_t *) __GOMP_NOTHROW;
      |             ^~~~~~~~~~~~~~~~
/usr/lib/gcc/x86_64-linux-gnu/10/include/omp.h:128:31: error: 'omp_lock_t' was not declared in this scope; did you mean 'omp_lock_hint_t'?
  128 | extern void omp_destroy_lock (omp_lock_t *) __GOMP_NOTHROW;
      |                               ^~~~~~~~~~
      |                               omp_lock_hint_t
/usr/lib/gcc/x86_64-linux-gnu/10/include/omp.h:128:43: error: expected primary-expression before ')' token
  128 | extern void omp_destroy_lock (omp_lock_t *) __GOMP_NOTHROW;
      |                                           ^
/usr/lib/gcc/x86_64-linux-gnu/10/include/omp.h:129:13: error: variable or field 'omp_set_lock' declared void
  129 | extern void omp_set_lock (omp_lock_t *) __GOMP_NOTHROW;
      |             ^~~~~~~~~~~~
/usr/lib/gcc/x86_64-linux-gnu/10/include/omp.h:129:27: error: 'omp_lock_t' was not declared in this scope; did you mean 'omp_lock_hint_t'?
  129 | extern void omp_set_lock (omp_lock_t *) __GOMP_NOTHROW;
      |                           ^~~~~~~~~~
      |                           omp_lock_hint_t
/usr/lib/gcc/x86_64-linux-gnu/10/include/omp.h:129:39: error: expected primary-expression before ')' token
  129 | extern void omp_set_lock (omp_lock_t *) __GOMP_NOTHROW;
      |                                       ^
/usr/lib/gcc/x86_64-linux-gnu/10/include/omp.h:130:13: error: variable or field 'omp_unset_lock' declared void
  130 | extern void omp_unset_lock (omp_lock_t *) __GOMP_NOTHROW;
      |             ^~~~~~~~~~~~~~
/usr/lib/gcc/x86_64-linux-gnu/10/include/omp.h:130:29: error: 'omp_lock_t' was not declared in this scope; did you mean 'omp_lock_hint_t'?
  130 | extern void omp_unset_lock (omp_lock_t *) __GOMP_NOTHROW;
      |                             ^~~~~~~~~~
      |                             omp_lock_hint_t
/usr/lib/gcc/x86_64-linux-gnu/10/include/omp.h:130:41: error: expected primary-expression before ')' token
  130 | extern void omp_unset_lock (omp_lock_t *) __GOMP_NOTHROW;
      |                                         ^
/usr/lib/gcc/x86_64-linux-gnu/10/include/omp.h:131:27: error: 'omp_lock_t' was not declared in this scope; did you mean 'omp_lock_hint_t'?
  131 | extern int omp_test_lock (omp_lock_t *) __GOMP_NOTHROW;
      |                           ^~~~~~~~~~
      |                           omp_lock_hint_t
/usr/lib/gcc/x86_64-linux-gnu/10/include/omp.h:131:39: error: expected primary-expression before ')' token
  131 | extern int omp_test_lock (omp_lock_t *) __GOMP_NOTHROW;
      |                                       ^
configure:5204: $? = 1
configure: failed program was:
| /* confdefs.h */
| #define PACKAGE_NAME "rtgi"
| #define PACKAGE_TARNAME "rtgi"
| #define PACKAGE_VERSION "2021-a01"
| #define PACKAGE_STRING "rtgi 2021-a01"
| #define PACKAGE_BUGREPORT "kai selgrad at oth regensburg de"
| #define PACKAGE_URL ""
| #define PACKAGE "rtgi"
| #define VERSION "2021-a01"
| #define HAVE_CXX17 1
| /* end confdefs.h.  */
| 
| #ifndef _OPENMP
|  choke me
| #endif
| #include <omp.h>
| int main () { return omp_get_num_threads (); }
| 
configure:5222: g++ -std=gnu++17 -o conftest -g -O2 -fopenmp   conftest.cpp  >&5
configure:5222: $? = 0
configure:5236: result: -fopenmp
configure:5254: checking how to run the C++ preprocessor
configure:5281: g++ -std=gnu++17 -E  conftest.cpp
configure:5281: $? = 0
configure:5295: g++ -std=gnu++17 -E  conftest.cpp
conftest.cpp:12:10: fatal error: ac_nonexistent.h: No such file or directory
   12 | #include <ac_nonexistent.h>
      |          ^~~~~~~~~~~~~~~~~~
compilation terminated.
configure:5295: $? = 1
configure: failed program was:
| /* confdefs.h */
| #define PACKAGE_NAME "rtgi"
| #define PACKAGE_TARNAME "rtgi"
| #define PACKAGE_VERSION "2021-a01"
| #define PACKAGE_STRING "rtgi 2021-a01"
| #define PACKAGE_BUGREPORT "kai selgrad at oth regensburg de"
| #define PACKAGE_URL ""
| #define PACKAGE "rtgi"
| #define VERSION "2021-a01"
| #define HAVE_CXX17 1
| /* end confdefs.h.  */
| #include <ac_nonexistent.h>
configure:5320: result: g++ -std=gnu++17 -E
configure:5340: g++ -std=gnu++17 -E  conftest.cpp
configure:5340: $? = 0
configure:5354: g++ -std=gnu++17 -E  conftest.cpp
conftest.cpp:12:10: fatal error: ac_nonexistent.h: No such file or directory
   12 | #include <ac_nonexistent.h>
      |          ^~~~~~~~~~~~~~~~~~
compilation terminated.
configure:5354: $? = 1
configure: failed program was:
| /* confdefs.h */
| #define PACKAGE_NAME "rtgi"
| #define PACKAGE_TARNAME "rtgi"
| #define PACKAGE_VERSION "2021-a01"
| #define PACKAGE_STRING "rtgi 2021-a01"
| #define PACKAGE_BUGREPORT "kai selgrad at oth regensburg de"
| #define PACKAGE_URL ""
| #define PACKAGE "rtgi"
| #define VERSION "2021-a01"
| #define HAVE_CXX17 1
| /* end confdefs.h.  */
| #include <ac_nonexistent.h>
configure:5383: checking for grep that handles long lines and -e
configure:5441: result: /usr/bin/grep
configure:5446: checking for egrep
configure:5508: result: /usr/bin/grep -E
configure:5513: checking for ANSI C header files
configure:5533: g++ -std=gnu++17 -c -g -O2 -fopenmp  conftest.cpp >&5
configure:5533: $? = 0
configure:5606: g++ -std=gnu++17 -o conftest -g -O2 -fopenmp   conftest.cpp  >&5
configure:5606: $? = 0
configure:5606: ./conftest
configure:5606: $? = 0
configure:5617: result: yes
configure:5630: checking for sys/types.h
configure:5630: g++ -std=gnu++17 -c -g -O2 -fopenmp  conftest.cpp >&5
configure:5630: $? = 0
configure:5630: result: yes
configure:5630: checking for sys/stat.h
configure:5630: g++ -std=gnu++17 -c -g -O2 -fopenmp  conftest.cpp >&5
configure:5630: $? = 0
configure:5630: result: yes
configure:5630: checking for stdlib.h
configure:5630: g++ -std=gnu++17 -c -g -O2 -fopenmp  conftest.cpp >&5
configure:5630: $? = 0
configure:5630: result: yes
configure:5630: checking for string.h
configure:5630: g++ -std=gnu++17 -c -g -O2 -fopenmp  conftest.cpp >&5
configure:5630: $? = 0
configure:5630: result: yes
configure:5630: checking for memory.h
configure:5630: g++ -std=gnu++17 -c -g -O2 -fopenmp  conftest.cpp >&5
configure:5630: $? = 0
configure:5630: result: yes
configure:5630: checking for strings.h
configure:5630: g++ -std=gnu++17 -c -g -O2 -fopenmp  conftest.cpp >&5
configure:5630: $? = 0
configure:5630: result: yes
configure:5630: checking for inttypes.h
configure:5630: g++ -std=gnu++17 -c -g -O2 -fopenmp  conftest.cpp >&5
configure:5630: $? = 0
configure:5630: result: yes
configure:5630: checking for stdint.h
configure:5630: g++ -std=gnu++17 -c -g -O2 -fopenmp  conftest.cpp >&5
configure:5630: $? = 0
configure:5630: result: yes
configure:5630: checking for unistd.h
configure:5630: g++ -std=gnu++17 -c -g -O2 -fopenmp  conftest.cpp >&5
configure:5630: $? = 0
configure:5630: result: yes
configure:5642: checking glm/glm.hpp usability
configure:5642: g++ -std=gnu++17 -c -g -O2 -fopenmp  conftest.cpp >&5
configure:5642: $? = 0
configure:5642: result: yes
configure:5642: checking glm/glm.hpp presence
configure:5642: g++ -std=gnu++17 -E  conftest.cpp
configure:5642: $? = 0
configure:5642: result: yes
configure:5642: checking for glm/glm.hpp
configure:5642: result: yes
configure:5650: checking png++/png.hpp usability
configure:5650: g++ -std=gnu++17 -c -g -O2 -fopenmp  conftest.cpp >&5
configure:5650: $? = 0
configure:5650: result: yes
configure:5650: checking png++/png.hpp presence
configure:5650: g++ -std=gnu++17 -E  conftest.cpp
configure:5650: $? = 0
configure:5650: result: yes
configure:5650: checking for png++/png.hpp
configure:5650: result: yes
configure:5658: checking for main in -lpng
configure:5677: g++ -std=gnu++17 -o conftest -g -O2 -fopenmp   conftest.cpp -lpng   >&5
configure:5677: $? = 0
configure:5686: result: yes
configure:5699: checking for main in -lassimp
configure:5718: g++ -std=gnu++17 -o conftest -g -O2 -fopenmp   conftest.cpp -lassimp  -lpng  >&5
configure:5718: $? = 0
configure:5727: result: yes
configure:5742: checking MagickWand version
configure:5751: result: v6
configure:5767: checking whether g++ needs libstdc++fs
configure:5775: result: no, all is well
configure:5884: checking that generated files are newer than configure
configure:5890: result: done
configure:5913: creating ./config.status

## ---------------------- ##
## Running config.status. ##
## ---------------------- ##

This file was extended by rtgi config.status 2021-a01, which was
generated by GNU Autoconf 2.69.  Invocation command line was

  CONFIG_FILES    = 
  CONFIG_HEADERS  = 
  CONFIG_LINKS    = 
  CONFIG_COMMANDS = 
  $ ./config.status 

on anna-desktop

config.status:869: creating Makefile
config.status:869: creating driver/Makefile
config.status:869: creating libgi/Makefile
config.status:869: creating rt/Makefile
config.status:869: creating rt/seq/Makefile
config.status:869: creating gi/Makefile
config.status:869: creating scripts/Makefile
config.status:869: creating config.h
config.status:1050: config.h is unchanged
config.status:1098: executing depfiles commands
config.status:1175: cd driver       && sed -e '/# am--include-marker/d' Makefile         | make -f - am--depfiles
make: Nothing to be done for 'am--depfiles'.
config.status:1180: $? = 0
config.status:1175: cd libgi       && sed -e '/# am--include-marker/d' Makefile         | make -f - am--depfiles
make: Nothing to be done for 'am--depfiles'.
config.status:1180: $? = 0
config.status:1175: cd rt/seq       && sed -e '/# am--include-marker/d' Makefile         | make -f - am--depfiles
make: Nothing to be done for 'am--depfiles'.
config.status:1180: $? = 0
config.status:1175: cd gi       && sed -e '/# am--include-marker/d' Makefile         | make -f - am--depfiles
make: Nothing to be done for 'am--depfiles'.
config.status:1180: $? = 0

## ---------------- ##
## Cache variables. ##
## ---------------- ##

ac_cv_cxx_compiler_gnu=yes
ac_cv_env_CCC_set=
ac_cv_env_CCC_value=
ac_cv_env_CPPFLAGS_set=
ac_cv_env_CPPFLAGS_value=
ac_cv_env_CXXCPP_set=
ac_cv_env_CXXCPP_value=
ac_cv_env_CXXFLAGS_set=
ac_cv_env_CXXFLAGS_value=
ac_cv_env_CXX_set=
ac_cv_env_CXX_value=
ac_cv_env_LDFLAGS_set=
ac_cv_env_LDFLAGS_value=
ac_cv_env_LIBS_set=
ac_cv_env_LIBS_value=
ac_cv_env_build_alias_set=
ac_cv_env_build_alias_value=
ac_cv_env_host_alias_set=
ac_cv_env_host_alias_value=
ac_cv_env_target_alias_set=
ac_cv_env_target_alias_value=
ac_cv_header_glm_glm_hpp=yes
ac_cv_header_inttypes_h=yes
ac_cv_header_memory_h=yes
ac_cv_header_pngpp_png_hpp=yes
ac_cv_header_stdc=yes
ac_cv_header_stdint_h=yes
ac_cv_header_stdlib_h=yes
ac_cv_header_string_h=yes
ac_cv_header_strings_h=yes
ac_cv_header_sys_stat_h=yes
ac_cv_header_sys_types_h=yes
ac_cv_header_unistd_h=yes
ac_cv_lib_assimp_main=yes
ac_cv_lib_png_main=yes
ac_cv_objext=o
ac_cv_path_EGREP='/usr/bin/grep -E'
ac_cv_path_GREP=/usr/bin/grep
ac_cv_path_install='/usr/bin/install -c'
ac_cv_path_mkdir=/usr/bin/mkdir
ac_cv_prog_AWK=mawk
ac_cv_prog_CXXCPP='g++ -std=gnu++17 -E'
ac_cv_prog_ac_ct_CXX=g++
ac_cv_prog_ac_ct_RANLIB=ranlib
ac_cv_prog_cxx_g=yes
ac_cv_prog_cxx_openmp=-fopenmp
ac_cv_prog_make_make_set=yes
am_cv_CXX_dependencies_compiler_type=gcc3
am_cv_make_support_nested_variables=yes
ax_cv_cxx_compile_cxx17__std_gnupp17=yes

## ----------------- ##
## Output variables. ##
## ----------------- ##

ACLOCAL='${SHELL} "/home/anna/Dokumente/Studium/6. Semester/RayTracing/Assignment 1/auxx/missing" aclocal-1.16'
AMDEPBACKSLASH='\'
AMDEP_FALSE='#'
AMDEP_TRUE=''
AMTAR='$${TAR-tar}'
AM_BACKSLASH='\'
AM_DEFAULT_V='$(AM_DEFAULT_VERBOSITY)'
AM_DEFAULT_VERBOSITY='1'
AM_V='$(V)'
AUTOCONF='${SHELL} "/home/anna/Dokumente/Studium/6. Semester/RayTracing/Assignment 1/auxx/missing" autoconf'
AUTOHEADER='${SHELL} "/home/anna/Dokumente/Studium/6. Semester/RayTracing/Assignment 1/auxx/missing" autoheader'
AUTOMAKE='${SHELL} "/home/anna/Dokumente/Studium/6. Semester/RayTracing/Assignment 1/auxx/missing" automake-1.16'
AWK='mawk'
CPPFLAGS=''
CXX='g++ -std=gnu++17'
CXXCPP='g++ -std=gnu++17 -E'
CXXDEPMODE='depmode=gcc3'
CXXFLAGS='-g -O2 -fopenmp'
CYGPATH_W='echo'
DEFS='-DHAVE_CONFIG_H'
DEPDIR='.deps'
ECHO_C=''
ECHO_N='-n'
ECHO_T=''
EGREP='/usr/bin/grep -E'
EXEEXT=''
GREP='/usr/bin/grep'
HAVE_CXX17='1'
INSTALL_DATA='${INSTALL} -m 644'
INSTALL_PROGRAM='${INSTALL}'
INSTALL_SCRIPT='${INSTALL}'
INSTALL_STRIP_PROGRAM='$(install_sh) -c -s'
LDFLAGS=''
LIBOBJS=''
LIBS='-lassimp -lpng '
LTLIBOBJS=''
MAKEINFO='${SHELL} "/home/anna/Dokumente/Studium/6. Semester/RayTracing/Assignment 1/auxx/missing" makeinfo'
MKDIR_P='/usr/bin/mkdir -p'
OBJEXT='o'
OPENMP_CXXFLAGS='-fopenmp'
PACKAGE='rtgi'
PACKAGE_BUGREPORT='kai selgrad at oth regensburg de'
PACKAGE_NAME='rtgi'
PACKAGE_STRING='rtgi 2021-a01'
PACKAGE_TARNAME='rtgi'
PACKAGE_URL=''
PACKAGE_VERSION='2021-a01'
PATH_SEPARATOR=':'
RANLIB='ranlib'
SET_MAKE=''
SHELL='/bin/bash'
STRIP=''
VERSION='2021-a01'
WAND_CFLAGS='-fopenmp -DMAGICKCORE_HDRI_ENABLE=0 -DMAGICKCORE_QUANTUM_DEPTH=16 -fopenmp -DMAGICKCORE_HDRI_ENABLE=0 -DMAGICKCORE_QUANTUM_DEPTH=16 -I/usr/include/x86_64-linux-gnu//ImageMagick-6 -I/usr/include/ImageMagick-6 -I/usr/include/x86_64-linux-gnu//ImageMagick-6 -I/usr/include/ImageMagick-6 -D RTGI_WAND6'
WAND_LIBS='-lMagickWand-6.Q16 -lMagickCore-6.Q16'
ac_ct_CXX='g++'
am__EXEEXT_FALSE=''
am__EXEEXT_TRUE='#'
am__fastdepCXX_FALSE='#'
am__fastdepCXX_TRUE=''
am__include='include'
am__isrc=''
am__leading_dot='.'
am__nodep='_no'
am__quote=''
am__tar='$${TAR-tar} chof - "$$tardir"'
am__untar='$${TAR-tar} xf -'
bindir='${exec_prefix}/bin'
build_alias=''
datadir='${datarootdir}'
datarootdir='${prefix}/share'
docdir='${datarootdir}/doc/${PACKAGE_TARNAME}'
dvidir='${docdir}'
exec_prefix='${prefix}'
host_alias=''
htmldir='${docdir}'
includedir='${prefix}/include'
infodir='${datarootdir}/info'
install_sh='${SHELL} '\''/home/anna/Dokumente/Studium/6. Semester/RayTracing/Assignment 1/auxx/install-sh'\'''
libdir='${exec_prefix}/lib'
libexecdir='${exec_prefix}/libexec'
localedir='${datarootdir}/locale'
localstatedir='${prefix}/var'
mandir='${datarootdir}/man'
mkdir_p='$(MKDIR_P)'
oldincludedir='/usr/include'
pdfdir='${docdir}'
prefix='/usr/local'
program_transform_name='s,x,x,'
psdir='${docdir}'
runstatedir='${localstatedir}/run'
sbindir='${exec_prefix}/sbin'
sharedstatedir='${prefix}/com'
sysconfdir='${prefix}/etc'
target_alias=''

## ----------- ##
## confdefs.h. ##
## ----------- ##

/* confdefs.h */
#define PACKAGE_NAME "rtgi"
#define PACKAGE_TARNAME "rtgi"
#define PACKAGE_VERSION "2021-a01"
#define PACKAGE_STRING "rtgi 2021-a01"
#define PACKAGE_BUGREPORT "kai selgrad at oth regensburg de"
#define PACKAGE_URL ""
#define PACKAGE "rtgi"
#define VERSION "2021-a01"
#define HAVE_CXX17 1
#define STDC_HEADERS 1
#define HAVE_SYS_TYPES_H 1
#define HAVE_SYS_STAT_H 1
#define HAVE_STDLIB_H 1
#define HAVE_STRING_H 1
#define HAVE_MEMORY_H 1
#define HAVE_STRINGS_H 1
#define HAVE_INTTYPES_H 1
#define HAVE_STDINT_H 1
#define HAVE_UNISTD_H 1
#define HAVE_LIBPNG 1
#define HAVE_LIBASSIMP 1

configure: exit 0
